  App.cpp
C:\Users\arceu\OneDrive\Documents\MondeDesPokemons\App.cpp(4,10): warning C4067: jetons inattendus après la directive du préprocesseur - saut de ligne attendu
C:\Users\arceu\OneDrive\Documents\MondeDesPokemons\Pokemon.h(4,10): warning C4067: jetons inattendus après la directive du préprocesseur - saut de ligne attendu
C:\Users\arceu\OneDrive\Documents\MondeDesPokemons\Capacite.h(4,10): warning C4067: jetons inattendus après la directive du préprocesseur - saut de ligne attendu
C:\Users\arceu\OneDrive\Documents\MondeDesPokemons\Capacite.h(5,10): warning C4067: jetons inattendus après la directive du préprocesseur - saut de ligne attendu
C:\Users\arceu\OneDrive\Documents\MondeDesPokemons\Pokemon.h(6,10): warning C4067: jetons inattendus après la directive du préprocesseur - saut de ligne attendu
C:\Users\arceu\OneDrive\Documents\MondeDesPokemons\Poison.h(7,1): error C2504: 'Pokemon' : classe de base non définie
C:\Users\arceu\OneDrive\Documents\MondeDesPokemons\Pokemon.h(7,10): warning C4067: jetons inattendus après la directive du préprocesseur - saut de ligne attendu
C:\Users\arceu\OneDrive\Documents\MondeDesPokemons\Electrique.h(7,1): error C2504: 'Pokemon' : classe de base non définie
C:\Users\arceu\OneDrive\Documents\MondeDesPokemons\App.cpp(5,10): warning C4067: jetons inattendus après la directive du préprocesseur - saut de ligne attendu
C:\Users\arceu\OneDrive\Documents\MondeDesPokemons\App.cpp(7,10): warning C4067: jetons inattendus après la directive du préprocesseur - saut de ligne attendu
C:\Users\arceu\OneDrive\Documents\MondeDesPokemons\App.cpp(8,10): warning C4067: jetons inattendus après la directive du préprocesseur - saut de ligne attendu
  BouleElec.cpp
C:\Users\arceu\OneDrive\Documents\MondeDesPokemons\Capacite.h(4,10): warning C4067: jetons inattendus après la directive du préprocesseur - saut de ligne attendu
C:\Users\arceu\OneDrive\Documents\MondeDesPokemons\Capacite.h(5,10): warning C4067: jetons inattendus après la directive du préprocesseur - saut de ligne attendu
C:\Users\arceu\OneDrive\Documents\MondeDesPokemons\Pokemon.h(4,10): warning C4067: jetons inattendus après la directive du préprocesseur - saut de ligne attendu
C:\Users\arceu\OneDrive\Documents\MondeDesPokemons\Pokemon.h(6,10): warning C4067: jetons inattendus après la directive du préprocesseur - saut de ligne attendu
C:\Users\arceu\OneDrive\Documents\MondeDesPokemons\Poison.h(7,1): error C2504: 'Pokemon' : classe de base non définie
C:\Users\arceu\OneDrive\Documents\MondeDesPokemons\Poison.h(31,17): error C3646: 'exporter' : spécificateur de substitution inconnu
C:\Users\arceu\OneDrive\Documents\MondeDesPokemons\Poison.h(31,17): error C2059: erreur de syntaxe : '('
C:\Users\arceu\OneDrive\Documents\MondeDesPokemons\Poison.h(31,19): error C2238: jetons inattendus avant ';'
C:\Users\arceu\OneDrive\Documents\MondeDesPokemons\Pokemon.h(7,10): warning C4067: jetons inattendus après la directive du préprocesseur - saut de ligne attendu
C:\Users\arceu\OneDrive\Documents\MondeDesPokemons\Electrique.h(7,1): error C2504: 'Pokemon' : classe de base non définie
C:\Users\arceu\OneDrive\Documents\MondeDesPokemons\Electrique.h(31,17): error C3646: 'exporter' : spécificateur de substitution inconnu
C:\Users\arceu\OneDrive\Documents\MondeDesPokemons\Electrique.h(31,17): error C2059: erreur de syntaxe : '('
C:\Users\arceu\OneDrive\Documents\MondeDesPokemons\Electrique.h(31,19): error C2238: jetons inattendus avant ';'
  Capacite.cpp
C:\Users\arceu\OneDrive\Documents\MondeDesPokemons\Capacite.h(4,10): warning C4067: jetons inattendus après la directive du préprocesseur - saut de ligne attendu
C:\Users\arceu\OneDrive\Documents\MondeDesPokemons\Capacite.h(5,10): warning C4067: jetons inattendus après la directive du préprocesseur - saut de ligne attendu
C:\Users\arceu\OneDrive\Documents\MondeDesPokemons\Pokemon.h(4,10): warning C4067: jetons inattendus après la directive du préprocesseur - saut de ligne attendu
C:\Users\arceu\OneDrive\Documents\MondeDesPokemons\Pokemon.h(6,10): warning C4067: jetons inattendus après la directive du préprocesseur - saut de ligne attendu
C:\Users\arceu\OneDrive\Documents\MondeDesPokemons\Poison.h(7,1): error C2504: 'Pokemon' : classe de base non définie
C:\Users\arceu\OneDrive\Documents\MondeDesPokemons\Poison.h(31,17): error C3646: 'exporter' : spécificateur de substitution inconnu
C:\Users\arceu\OneDrive\Documents\MondeDesPokemons\Poison.h(31,17): error C2059: erreur de syntaxe : '('
C:\Users\arceu\OneDrive\Documents\MondeDesPokemons\Poison.h(31,19): error C2238: jetons inattendus avant ';'
C:\Users\arceu\OneDrive\Documents\MondeDesPokemons\Pokemon.h(7,10): warning C4067: jetons inattendus après la directive du préprocesseur - saut de ligne attendu
C:\Users\arceu\OneDrive\Documents\MondeDesPokemons\Electrique.h(7,1): error C2504: 'Pokemon' : classe de base non définie
C:\Users\arceu\OneDrive\Documents\MondeDesPokemons\Electrique.h(31,17): error C3646: 'exporter' : spécificateur de substitution inconnu
C:\Users\arceu\OneDrive\Documents\MondeDesPokemons\Electrique.h(31,17): error C2059: erreur de syntaxe : '('
C:\Users\arceu\OneDrive\Documents\MondeDesPokemons\Electrique.h(31,19): error C2238: jetons inattendus avant ';'
  Electrique.cpp
C:\Users\arceu\OneDrive\Documents\MondeDesPokemons\Pokemon.h(4,10): warning C4067: jetons inattendus après la directive du préprocesseur - saut de ligne attendu
C:\Users\arceu\OneDrive\Documents\MondeDesPokemons\Capacite.h(4,10): warning C4067: jetons inattendus après la directive du préprocesseur - saut de ligne attendu
C:\Users\arceu\OneDrive\Documents\MondeDesPokemons\Capacite.h(5,10): warning C4067: jetons inattendus après la directive du préprocesseur - saut de ligne attendu
C:\Users\arceu\OneDrive\Documents\MondeDesPokemons\Pokemon.h(6,10): warning C4067: jetons inattendus après la directive du préprocesseur - saut de ligne attendu
C:\Users\arceu\OneDrive\Documents\MondeDesPokemons\Poison.h(7,1): error C2504: 'Pokemon' : classe de base non définie
C:\Users\arceu\OneDrive\Documents\MondeDesPokemons\Pokemon.h(7,10): warning C4067: jetons inattendus après la directive du préprocesseur - saut de ligne attendu
  PlaixCroix.cpp
C:\Users\arceu\OneDrive\Documents\MondeDesPokemons\Capacite.h(4,10): warning C4067: jetons inattendus après la directive du préprocesseur - saut de ligne attendu
C:\Users\arceu\OneDrive\Documents\MondeDesPokemons\Capacite.h(5,10): warning C4067: jetons inattendus après la directive du préprocesseur - saut de ligne attendu
C:\Users\arceu\OneDrive\Documents\MondeDesPokemons\Pokemon.h(4,10): warning C4067: jetons inattendus après la directive du préprocesseur - saut de ligne attendu
C:\Users\arceu\OneDrive\Documents\MondeDesPokemons\Pokemon.h(6,10): warning C4067: jetons inattendus après la directive du préprocesseur - saut de ligne attendu
C:\Users\arceu\OneDrive\Documents\MondeDesPokemons\Poison.h(7,1): error C2504: 'Pokemon' : classe de base non définie
C:\Users\arceu\OneDrive\Documents\MondeDesPokemons\Poison.h(31,17): error C3646: 'exporter' : spécificateur de substitution inconnu
C:\Users\arceu\OneDrive\Documents\MondeDesPokemons\Poison.h(31,17): error C2059: erreur de syntaxe : '('
C:\Users\arceu\OneDrive\Documents\MondeDesPokemons\Poison.h(31,19): error C2238: jetons inattendus avant ';'
C:\Users\arceu\OneDrive\Documents\MondeDesPokemons\Pokemon.h(7,10): warning C4067: jetons inattendus après la directive du préprocesseur - saut de ligne attendu
C:\Users\arceu\OneDrive\Documents\MondeDesPokemons\Electrique.h(7,1): error C2504: 'Pokemon' : classe de base non définie
C:\Users\arceu\OneDrive\Documents\MondeDesPokemons\Electrique.h(31,17): error C3646: 'exporter' : spécificateur de substitution inconnu
C:\Users\arceu\OneDrive\Documents\MondeDesPokemons\Electrique.h(31,17): error C2059: erreur de syntaxe : '('
C:\Users\arceu\OneDrive\Documents\MondeDesPokemons\Electrique.h(31,19): error C2238: jetons inattendus avant ';'
  Poison.cpp
C:\Users\arceu\OneDrive\Documents\MondeDesPokemons\Pokemon.h(4,10): warning C4067: jetons inattendus après la directive du préprocesseur - saut de ligne attendu
C:\Users\arceu\OneDrive\Documents\MondeDesPokemons\Capacite.h(4,10): warning C4067: jetons inattendus après la directive du préprocesseur - saut de ligne attendu
C:\Users\arceu\OneDrive\Documents\MondeDesPokemons\Capacite.h(5,10): warning C4067: jetons inattendus après la directive du préprocesseur - saut de ligne attendu
C:\Users\arceu\OneDrive\Documents\MondeDesPokemons\Pokemon.h(6,10): warning C4067: jetons inattendus après la directive du préprocesseur - saut de ligne attendu
C:\Users\arceu\OneDrive\Documents\MondeDesPokemons\Pokemon.h(7,10): warning C4067: jetons inattendus après la directive du préprocesseur - saut de ligne attendu
C:\Users\arceu\OneDrive\Documents\MondeDesPokemons\Electrique.h(7,1): error C2504: 'Pokemon' : classe de base non définie
  Pokemon.cpp
C:\Users\arceu\OneDrive\Documents\MondeDesPokemons\Pokemon.h(4,10): warning C4067: jetons inattendus après la directive du préprocesseur - saut de ligne attendu
C:\Users\arceu\OneDrive\Documents\MondeDesPokemons\Capacite.h(4,10): warning C4067: jetons inattendus après la directive du préprocesseur - saut de ligne attendu
C:\Users\arceu\OneDrive\Documents\MondeDesPokemons\Capacite.h(5,10): warning C4067: jetons inattendus après la directive du préprocesseur - saut de ligne attendu
C:\Users\arceu\OneDrive\Documents\MondeDesPokemons\Pokemon.h(6,10): warning C4067: jetons inattendus après la directive du préprocesseur - saut de ligne attendu
C:\Users\arceu\OneDrive\Documents\MondeDesPokemons\Poison.h(7,1): error C2504: 'Pokemon' : classe de base non définie
C:\Users\arceu\OneDrive\Documents\MondeDesPokemons\Pokemon.h(7,10): warning C4067: jetons inattendus après la directive du préprocesseur - saut de ligne attendu
C:\Users\arceu\OneDrive\Documents\MondeDesPokemons\Electrique.h(7,1): error C2504: 'Pokemon' : classe de base non définie
  Génération de code en cours...
